This is pdfTeX, Version 3.1415926-2.5-1.40.14 (TeX Live 2013/Debian) (format=pdflatex 2015.10.5)  17 APR 2016 15:28
entering extended mode
 restricted \write18 enabled.
 %&-line parsing enabled.
**thrun_forward_mapping.tex
(./thrun_forward_mapping.tex
LaTeX2e <2011/06/27>
Babel <3.9h> and hyphenation patterns for 78 languages loaded.
! Undefined control sequence.
l.1 \section
            {Картирование с прямой моделью сенсора}
The control sequence at the end of the top line
of your error message was never \def'ed. If you have
misspelled it (e.g., `\hobx'), type `I' and the correct
spelling (e.g., `I\hbox'). Otherwise just continue,
and I'll forget about whatever was undefined.


! LaTeX Error: Missing \begin{document}.

See the LaTeX manual or LaTeX Companion for explanation.
Type  H <return>  for immediate help.
 ...                                              
                                                  
l.1 \section{К
              артирование с прямой моделью сенсора}
You're in trouble here.  Try typing  <return>  to proceed.
If that doesn't work, type  X <return>  to quit.

Missing character: There is no К in font nullfont!
Missing character: There is no а in font nullfont!
Missing character: There is no р in font nullfont!
Missing character: There is no т in font nullfont!
Missing character: There is no и in font nullfont!
Missing character: There is no р in font nullfont!
Missing character: There is no о in font nullfont!
Missing character: There is no в in font nullfont!
Missing character: There is no а in font nullfont!
Missing character: There is no н in font nullfont!
Missing character: There is no и in font nullfont!
Missing character: There is no е in font nullfont!
Missing character: There is no с in font nullfont!
Missing character: There is no п in font nullfont!
Missing character: There is no р in font nullfont!
Missing character: There is no я in font nullfont!
Missing character: There is no м in font nullfont!
Missing character: There is no о in font nullfont!
Missing character: There is no й in font nullfont!
Missing character: There is no м in font nullfont!
Missing character: There is no о in font nullfont!
Missing character: There is no д in font nullfont!
Missing character: There is no е in font nullfont!
Missing character: There is no л in font nullfont!
Missing character: There is no ь in font nullfont!
Missing character: There is no ю in font nullfont!
Missing character: There is no с in font nullfont!
Missing character: There is no е in font nullfont!
Missing character: There is no н in font nullfont!
Missing character: There is no с in font nullfont!
Missing character: There is no о in font nullfont!
Missing character: There is no р in font nullfont!
Missing character: There is no а in font nullfont!

Overfull \hbox (20.0pt too wide) in paragraph at lines 1--2
[]
 []


! LaTeX Error: Missing \begin{document}.

See the LaTeX manual or LaTeX Companion for explanation.
Type  H <return>  for immediate help.
 ...                                              
                                                  
l.3 В
     еличина $p(z|m)$ представляет собой вероятностное распределение наблюде...

You're in trouble here.  Try typing  <return>  to proceed.
If that doesn't work, type  X <return>  to quit.

Missing character: There is no В in font nullfont!
Missing character: There is no е in font nullfont!
Missing character: There is no л in font nullfont!
Missing character: There is no и in font nullfont!
Missing character: There is no ч in font nullfont!
Missing character: There is no и in font nullfont!
Missing character: There is no н in font nullfont!
Missing character: There is no а in font nullfont!
LaTeX Font Info:    External font `cmex10' loaded for size
(Font)              <7> on input line 3.
LaTeX Font Info:    External font `cmex10' loaded for size
(Font)              <5> on input line 3.
Missing character: There is no п in font nullfont!
Missing character: There is no р in font nullfont!
Missing character: There is no е in font nullfont!
Missing character: There is no д in font nullfont!
Missing character: There is no с in font nullfont!
Missing character: There is no т in font nullfont!
Missing character: There is no а in font nullfont!
Missing character: There is no в in font nullfont!
Missing character: There is no л in font nullfont!
Missing character: There is no я in font nullfont!
Missing character: There is no е in font nullfont!
Missing character: There is no т in font nullfont!
Missing character: There is no с in font nullfont!
Missing character: There is no о in font nullfont!
Missing character: There is no б in font nullfont!
Missing character: There is no о in font nullfont!
Missing character: There is no й in font nullfont!
Missing character: There is no в in font nullfont!
Missing character: There is no е in font nullfont!
Missing character: There is no р in font nullfont!
Missing character: There is no о in font nullfont!
Missing character: There is no я in font nullfont!
Missing character: There is no т in font nullfont!
Missing character: There is no н in font nullfont!
Missing character: There is no о in font nullfont!
Missing character: There is no с in font nullfont!
Missing character: There is no т in font nullfont!
Missing character: There is no н in font nullfont!
Missing character: There is no о in font nullfont!
Missing character: There is no е in font nullfont!
Missing character: There is no р in font nullfont!
Missing character: There is no а in font nullfont!
Missing character: There is no с in font nullfont!
Missing character: There is no п in font nullfont!
Missing character: There is no р in font nullfont!
Missing character: There is no е in font nullfont!
Missing character: There is no д in font nullfont!
Missing character: There is no е in font nullfont!
Missing character: There is no л in font nullfont!
Missing character: There is no е in font nullfont!
Missing character: There is no н in font nullfont!
Missing character: There is no и in font nullfont!
Missing character: There is no е in font nullfont!
Missing character: There is no н in font nullfont!
Missing character: There is no а in font nullfont!
Missing character: There is no б in font nullfont!
Missing character: There is no л in font nullfont!
Missing character: There is no ю in font nullfont!
Missing character: There is no д in font nullfont!
Missing character: There is no е in font nullfont!
Missing character: There is no н in font nullfont!
Missing character: There is no и in font nullfont!
Missing character: There is no я in font nullfont!
Missing character: There is no с in font nullfont!
Missing character: There is no е in font nullfont!
Missing character: There is no н in font nullfont!
Missing character: There is no с in font nullfont!
Missing character: There is no о in font nullfont!
Missing character: There is no р in font nullfont!
Missing character: There is no а in font nullfont!
Missing character: There is no п in font nullfont!
Missing character: There is no р in font nullfont!
Missing character: There is no и in font nullfont!
Missing character: There is no н in font nullfont!
Missing character: There is no е in font nullfont!
Missing character: There is no к in font nullfont!
Missing character: There is no о in font nullfont!
Missing character: There is no т in font nullfont!
Missing character: There is no о in font nullfont!
Missing character: There is no р in font nullfont!
Missing character: There is no о in font nullfont!
Missing character: There is no й in font nullfont!
Missing character: There is no з in font nullfont!
Missing character: There is no а in font nullfont!
Missing character: There is no д in font nullfont!
Missing character: There is no а in font nullfont!
Missing character: There is no н in font nullfont!
Missing character: There is no н in font nullfont!
Missing character: There is no о in font nullfont!
Missing character: There is no й in font nullfont!
Missing character: There is no к in font nullfont!
Missing character: There is no а in font nullfont!
Missing character: There is no р in font nullfont!
Missing character: There is no т in font nullfont!
Missing character: There is no е in font nullfont!
Missing character: There is no п in font nullfont!
Missing character: There is no р in font nullfont!
Missing character: There is no о in font nullfont!
Missing character: There is no х in font nullfont!
Missing character: There is no о in font nullfont!
Missing character: There is no д in font nullfont!
Missing character: There is no и in font nullfont!
Missing character: There is no м in font nullfont!
Missing character: There is no о in font nullfont!
Missing character: There is no с in font nullfont!
Missing character: There is no т in font nullfont!
Missing character: There is no и in font nullfont!
Missing character: There is no , in font nullfont!
Missing character: There is no к in font nullfont!
Missing character: There is no о in font nullfont!
Missing character: There is no т in font nullfont!
Missing character: There is no о in font nullfont!
Missing character: There is no р in font nullfont!
Missing character: There is no у in font nullfont!
Missing character: There is no ю in font nullfont!
Missing character: There is no б in font nullfont!
Missing character: There is no у in font nullfont!
Missing character: There is no д in font nullfont!
Missing character: There is no е in font nullfont!
Missing character: There is no м in font nullfont!
Missing character: There is no н in font nullfont!
Missing character: There is no а in font nullfont!
Missing character: There is no з in font nullfont!
Missing character: There is no ы in font nullfont!
Missing character: There is no в in font nullfont!
Missing character: There is no а in font nullfont!
Missing character: There is no т in font nullfont!
Missing character: There is no ь in font nullfont!
Missing character: There is no п in font cmti10!
Missing character: There is no р in font cmti10!
Missing character: There is no я in font cmti10!
Missing character: There is no м in font cmti10!
Missing character: There is no о in font cmti10!
Missing character: There is no й in font cmti10!
Missing character: There is no м in font cmti10!
Missing character: There is no о in font cmti10!
Missing character: There is no д in font cmti10!
Missing character: There is no е in font cmti10!
Missing character: There is no л in font cmti10!
Missing character: There is no ь in font cmti10!
Missing character: There is no ю in font cmti10!
Missing character: There is no п in font nullfont!
Missing character: There is no о in font nullfont!
Missing character: There is no а in font nullfont!
Missing character: There is no н in font nullfont!
Missing character: There is no а in font nullfont!
Missing character: There is no л in font nullfont!
Missing character: There is no о in font nullfont!
Missing character: There is no г in font nullfont!
Missing character: There is no и in font nullfont!
Missing character: There is no и in font nullfont!
Missing character: There is no с in font nullfont!
Missing character: There is no о in font nullfont!
Missing character: There is no б in font nullfont!
Missing character: There is no р in font nullfont!
Missing character: There is no а in font nullfont!
Missing character: There is no т in font nullfont!
Missing character: There is no н in font nullfont!
Missing character: There is no о in font nullfont!
Missing character: There is no й in font nullfont!
Missing character: There is no м in font nullfont!
Missing character: There is no о in font nullfont!
Missing character: There is no д in font nullfont!
Missing character: There is no е in font nullfont!
Missing character: There is no л in font nullfont!
Missing character: There is no ь in font nullfont!
Missing character: There is no ю in font nullfont!
Missing character: There is no . in font nullfont!
Missing character: There is no И in font nullfont!
Missing character: There is no н in font nullfont!
Missing character: There is no т in font nullfont!
Missing character: There is no у in font nullfont!
Missing character: There is no и in font nullfont!
Missing character: There is no т in font nullfont!
Missing character: There is no и in font nullfont!
Missing character: There is no в in font nullfont!
Missing character: There is no н in font nullfont!
Missing character: There is no о in font nullfont!
Missing character: There is no п in font nullfont!
Missing character: There is no р in font nullfont!
Missing character: There is no я in font nullfont!
Missing character: There is no м in font nullfont!
Missing character: There is no а in font nullfont!
Missing character: There is no я in font nullfont!
Missing character: There is no м in font nullfont!
Missing character: There is no о in font nullfont!
Missing character: There is no д in font nullfont!
Missing character: There is no е in font nullfont!
Missing character: There is no л in font nullfont!
Missing character: There is no ь in font nullfont!
Missing character: There is no п in font nullfont!
Missing character: There is no о in font nullfont!
Missing character: There is no к in font nullfont!
Missing character: There is no а in font nullfont!
Missing character: There is no з in font nullfont!
Missing character: There is no ы in font nullfont!
Missing character: There is no в in font nullfont!
Missing character: There is no а in font nullfont!
Missing character: There is no е in font nullfont!
Missing character: There is no т in font nullfont!
Missing character: There is no н in font nullfont!
Missing character: There is no а in font nullfont!
Missing character: There is no с in font nullfont!
Missing character: There is no к in font nullfont!
Missing character: There is no о in font nullfont!
Missing character: There is no л in font nullfont!
Missing character: There is no ь in font nullfont!
Missing character: There is no к in font nullfont!
Missing character: There is no о in font nullfont!
Missing character: There is no х in font nullfont!
Missing character: There is no о in font nullfont!
Missing character: There is no р in font nullfont!
Missing character: There is no о in font nullfont!
Missing character: There is no ш in font nullfont!
Missing character: There is no о in font nullfont!
Missing character: There is no н in font nullfont!
Missing character: There is no а in font nullfont!
Missing character: There is no б in font nullfont!
Missing character: There is no л in font nullfont!
Missing character: There is no ю in font nullfont!
Missing character: There is no д in font nullfont!
Missing character: There is no е in font nullfont!
Missing character: There is no н in font nullfont!
Missing character: There is no и in font nullfont!
Missing character: There is no е in font nullfont!
Missing character: There is no о in font nullfont!
Missing character: There is no б in font nullfont!
Missing character: There is no ъ in font nullfont!
Missing character: There is no я in font nullfont!
Missing character: There is no с in font nullfont!
Missing character: There is no н in font nullfont!
Missing character: There is no я in font nullfont!
Missing character: There is no е in font nullfont!
Missing character: There is no т in font nullfont!
Missing character: There is no к in font nullfont!
Missing character: There is no а in font nullfont!
Missing character: There is no р in font nullfont!
Missing character: There is no т in font nullfont!
Missing character: There is no у in font nullfont!
Missing character: There is no п in font nullfont!
Missing character: There is no р in font nullfont!
Missing character: There is no о in font nullfont!
Missing character: There is no х in font nullfont!
Missing character: There is no о in font nullfont!
Missing character: There is no д in font nullfont!
Missing character: There is no и in font nullfont!
Missing character: There is no м in font nullfont!
Missing character: There is no о in font nullfont!
Missing character: There is no с in font nullfont!
Missing character: There is no т in font nullfont!
Missing character: There is no и in font nullfont!
Missing character: There is no . in font nullfont!
Missing character: There is no Д in font nullfont!
Missing character: There is no а in font nullfont!
Missing character: There is no л in font nullfont!
Missing character: There is no е in font nullfont!
Missing character: There is no е in font nullfont!
Missing character: There is no п in font nullfont!
Missing character: There is no р in font nullfont!
Missing character: There is no и in font nullfont!
Missing character: There is no в in font nullfont!
Missing character: There is no е in font nullfont!
Missing character: There is no д in font nullfont!
Missing character: There is no е in font nullfont!
Missing character: There is no н in font nullfont!
Missing character: There is no о in font nullfont!
Missing character: There is no п in font nullfont!
Missing character: There is no о in font nullfont!
Missing character: There is no д in font nullfont!
Missing character: There is no р in font nullfont!
Missing character: There is no о in font nullfont!
Missing character: There is no б in font nullfont!
Missing character: There is no н in font nullfont!
Missing character: There is no о in font nullfont!
Missing character: There is no е in font nullfont!
Missing character: There is no о in font nullfont!
Missing character: There is no п in font nullfont!
Missing character: There is no и in font nullfont!
Missing character: There is no с in font nullfont!
Missing character: There is no а in font nullfont!
Missing character: There is no н in font nullfont!
Missing character: There is no и in font nullfont!
Missing character: There is no е in font nullfont!
Missing character: There is no п in font nullfont!
Missing character: There is no р in font nullfont!
Missing character: There is no я in font nullfont!
Missing character: There is no м in font nullfont!
Missing character: There is no о in font nullfont!
Missing character: There is no й in font nullfont!
Missing character: There is no м in font nullfont!
Missing character: There is no о in font nullfont!
Missing character: There is no д in font nullfont!
Missing character: There is no е in font nullfont!
Missing character: There is no л in font nullfont!
Missing character: There is no и in font nullfont!
Missing character: There is no с in font nullfont!
Missing character: There is no о in font nullfont!
Missing character: There is no н in font nullfont!
Missing character: There is no а in font nullfont!
Missing character: There is no р in font nullfont!
Missing character: There is no а in font nullfont!
Missing character: There is no С in font nullfont!
Missing character: There is no е in font nullfont!
Missing character: There is no б in font nullfont!
Missing character: There is no а in font nullfont!
Missing character: There is no с in font nullfont!
Missing character: There is no т in font nullfont!
Missing character: There is no ь in font nullfont!
Missing character: There is no я in font nullfont!
Missing character: There is no н in font nullfont!
Missing character: There is no а in font nullfont!
Missing character: There is no Т in font nullfont!
Missing character: There is no р in font nullfont!
Missing character: There is no у in font nullfont!
Missing character: There is no н in font nullfont!
Missing character: There is no а in font nullfont!
Missing character: There is no , in font nullfont!
Missing character: There is no т in font nullfont!
Missing character: There is no а in font nullfont!
Missing character: There is no к in font nullfont!
Missing character: There is no к in font nullfont!
Missing character: There is no а in font nullfont!
Missing character: There is no к in font nullfont!
Missing character: There is no в in font nullfont!
Missing character: There is no д in font nullfont!
Missing character: There is no а in font nullfont!
Missing character: There is no л in font nullfont!
Missing character: There is no ь in font nullfont!
Missing character: There is no н in font nullfont!
Missing character: There is no е in font nullfont!
Missing character: There is no й in font nullfont!
Missing character: There is no ш in font nullfont!
Missing character: There is no е in font nullfont!
Missing character: There is no м in font nullfont!
Missing character: There is no о in font nullfont!
Missing character: There is no н in font nullfont!
Missing character: There is no о in font nullfont!
Missing character: There is no б in font nullfont!
Missing character: There is no у in font nullfont!
Missing character: There is no д in font nullfont!
Missing character: There is no е in font nullfont!
Missing character: There is no т in font nullfont!
Missing character: There is no и in font nullfont!
Missing character: There is no с in font nullfont!
Missing character: There is no п in font nullfont!
Missing character: There is no о in font nullfont!
Missing character: There is no л in font nullfont!
Missing character: There is no ь in font nullfont!
Missing character: There is no з in font nullfont!
Missing character: There is no о in font nullfont!
Missing character: There is no в in font nullfont!
Missing character: There is no а in font nullfont!
Missing character: There is no н in font nullfont!
Missing character: There is no о in font nullfont!
Missing character: There is no в in font nullfont!
Missing character: There is no р in font nullfont!
Missing character: There is no а in font nullfont!
Missing character: There is no б in font nullfont!
Missing character: There is no о in font nullfont!
Missing character: There is no т in font nullfont!
Missing character: There is no е in font nullfont!
Missing character: There is no . in font nullfont!

Overfull \hbox (20.0pt too wide) in paragraph at lines 3--5
[]
 []


Overfull \hbox (29.45728pt too wide) in paragraph at lines 3--5
\OML/cmm/m/it/10 p\OT1/cmr/m/n/10 (\OML/cmm/m/it/10 z\OMS/cmsy/m/n/10 j\OML/cmm
/m/it/10 m\OT1/cmr/m/n/10 )$
 []


Overfull \hbox (5.0903pt too wide) in paragraph at lines 3--5
\OML/cmm/m/it/10 z$
 []


Overfull \hbox (8.78014pt too wide) in paragraph at lines 3--5
\OML/cmm/m/it/10 m$
 []


Overfull \hbox (20.06097pt too wide) in paragraph at lines 3--5
\OT1/cmr/m/it/10 (for-
 []


Overfull \hbox (20.57208pt too wide) in paragraph at lines 3--5
\OT1/cmr/m/it/10 ward
 []


Overfull \hbox (29.13315pt too wide) in paragraph at lines 3--5
\OT1/cmr/m/it/10 model)
 []


Overfull \hbox (29.45728pt too wide) in paragraph at lines 3--5
\OML/cmm/m/it/10 p\OT1/cmr/m/n/10 (\OML/cmm/m/it/10 m\OMS/cmsy/m/n/10 j\OML/cmm
/m/it/10 z\OT1/cmr/m/n/10 )$
 []


Overfull \hbox (5.0903pt too wide) in paragraph at lines 3--5
\OML/cmm/m/it/10 z$
 []


Overfull \hbox (8.78014pt too wide) in paragraph at lines 3--5
\OML/cmm/m/it/10 m$
 []

! Undefined control sequence.
l.6 \subsection
               {Прямая модель сонара Труна}
The control sequence at the end of the top line
of your error message was never \def'ed. If you have
misspelled it (e.g., `\hobx'), type `I' and the correct
spelling (e.g., `I\hbox'). Otherwise just continue,
and I'll forget about whatever was undefined.


! LaTeX Error: Missing \begin{document}.

See the LaTeX manual or LaTeX Companion for explanation.
Type  H <return>  for immediate help.
 ...                                              
                                                  
l.6 \subsection{П
                 рямая модель сонара Труна}
You're in trouble here.  Try typing  <return>  to proceed.
If that doesn't work, type  X <return>  to quit.

Missing character: There is no П in font nullfont!
Missing character: There is no р in font nullfont!
Missing character: There is no я in font nullfont!
Missing character: There is no м in font nullfont!
Missing character: There is no а in font nullfont!
Missing character: There is no я in font nullfont!
Missing character: There is no м in font nullfont!
Missing character: There is no о in font nullfont!
Missing character: There is no д in font nullfont!
Missing character: There is no е in font nullfont!
Missing character: There is no л in font nullfont!
Missing character: There is no ь in font nullfont!
Missing character: There is no с in font nullfont!
Missing character: There is no о in font nullfont!
Missing character: There is no н in font nullfont!
Missing character: There is no а in font nullfont!
Missing character: There is no р in font nullfont!
Missing character: There is no а in font nullfont!
Missing character: There is no Т in font nullfont!
Missing character: There is no р in font nullfont!
Missing character: There is no у in font nullfont!
Missing character: There is no н in font nullfont!
Missing character: There is no а in font nullfont!

Overfull \hbox (20.0pt too wide) in paragraph at lines 6--7
[]
 []


! LaTeX Error: Missing \begin{document}.

See the LaTeX manual or LaTeX Companion for explanation.
Type  H <return>  for immediate help.
 ...                                              
                                                  
l.8 П
     редполагается, что сонар выдает измерения r принадлежащие $\[R_min, R_m...

You're in trouble here.  Try typing  <return>  to proceed.
If that doesn't work, type  X <return>  to quit.

Missing character: There is no П in font nullfont!
Missing character: There is no р in font nullfont!
Missing character: There is no е in font nullfont!
Missing character: There is no д in font nullfont!
Missing character: There is no п in font nullfont!
Missing character: There is no о in font nullfont!
Missing character: There is no л in font nullfont!
Missing character: There is no а in font nullfont!
Missing character: There is no г in font nullfont!
Missing character: There is no а in font nullfont!
Missing character: There is no е in font nullfont!
Missing character: There is no т in font nullfont!
Missing character: There is no с in font nullfont!
Missing character: There is no я in font nullfont!
Missing character: There is no , in font nullfont!
Missing character: There is no ч in font nullfont!
Missing character: There is no т in font nullfont!
Missing character: There is no о in font nullfont!
Missing character: There is no с in font nullfont!
Missing character: There is no о in font nullfont!
Missing character: There is no н in font nullfont!
Missing character: There is no а in font nullfont!
Missing character: There is no р in font nullfont!
Missing character: There is no в in font nullfont!
Missing character: There is no ы in font nullfont!
Missing character: There is no д in font nullfont!
Missing character: There is no а in font nullfont!
Missing character: There is no е in font nullfont!
Missing character: There is no т in font nullfont!
Missing character: There is no и in font nullfont!
Missing character: There is no з in font nullfont!
Missing character: There is no м in font nullfont!
Missing character: There is no е in font nullfont!
Missing character: There is no р in font nullfont!
Missing character: There is no е in font nullfont!
Missing character: There is no н in font nullfont!
Missing character: There is no и in font nullfont!
Missing character: There is no я in font nullfont!
Missing character: There is no r in font nullfont!
Missing character: There is no п in font nullfont!
Missing character: There is no р in font nullfont!
Missing character: There is no и in font nullfont!
Missing character: There is no н in font nullfont!
Missing character: There is no а in font nullfont!
Missing character: There is no д in font nullfont!
Missing character: There is no л in font nullfont!
Missing character: There is no е in font nullfont!
Missing character: There is no ж in font nullfont!
Missing character: There is no а in font nullfont!
Missing character: There is no щ in font nullfont!
Missing character: There is no и in font nullfont!
Missing character: There is no е in font nullfont!

! LaTeX Error: Bad math environment delimiter.

See the LaTeX manual or LaTeX Companion for explanation.
Type  H <return>  for immediate help.
 ...                                              
                                                  
l.8 ... сонар выдает измерения r принадлежащие $\[
                                                  R_min, R_max\]$
Your command was ignored.
Type  I <command> <return>  to replace it with another command,
or  <return>  to continue without it.


! LaTeX Error: Bad math environment delimiter.

See the LaTeX manual or LaTeX Companion for explanation.
Type  H <return>  for immediate help.
 ...                                              
                                                  
l.8 ...измерения r принадлежащие $\[R_min, R_max\]
                                                  $
Your command was ignored.
Type  I <command> <return>  to replace it with another command,
or  <return>  to continue without it.

)
! Emergency stop.
<*> thrun_forward_mapping.tex
                             
*** (job aborted, no legal \end found)

 
Here is how much of TeX's memory you used:
 10 strings out of 493304
 242 string characters out of 6139871
 51880 words of memory out of 5000000
 3568 multiletter control sequences out of 15000+600000
 3986 words of font info for 15 fonts, out of 8000000 for 9000
 957 hyphenation exceptions out of 8191
 18i,1n,12p,383b,67s stack positions out of 5000i,500n,10000p,200000b,80000s
!  ==> Fatal error occurred, no output PDF file produced!
